app/build/outputs/mapping/devnetRelease/configuration.txt
# The proguard configuration file for the following section is devnetRelease/processDevnetReleaseResources/aapt_rules.txt
-keep class androidx.core.app.CoreComponentFactory { <init>(); }
-keep class androidx.core.content.FileProvider { <init>(); }
-keep class androidx.profileinstaller.ProfileInstallReceiver { <init>(); }
-keep class androidx.room.MultiInstanceInvalidationService { <init>(); }
-keep class androidx.startup.InitializationProvider { <init>(); }
-keep class androidx.test.core.app.InstrumentationActivityInvoker$BootstrapActivity { <init>(); }
-keep class androidx.test.core.app.InstrumentationActivityInvoker$EmptyActivity { <init>(); }
-keep class androidx.test.core.app.InstrumentationActivityInvoker$EmptyFloatingActivity { <init>(); }
-keep class androidx.work.impl.background.systemalarm.ConstraintProxy$BatteryChargingProxy { <init>(); }
-keep class androidx.work.impl.background.systemalarm.ConstraintProxy$BatteryNotLowProxy { <init>(); }
-keep class androidx.work.impl.background.systemalarm.ConstraintProxy$NetworkStateProxy { <init>(); }
-keep class androidx.work.impl.background.systemalarm.ConstraintProxy$StorageNotLowProxy { <init>(); }
-keep class androidx.work.impl.background.systemalarm.ConstraintProxyUpdateReceiver { <init>(); }
-keep class androidx.work.impl.background.systemalarm.RescheduleReceiver { <init>(); }
-keep class androidx.work.impl.background.systemalarm.SystemAlarmService { <init>(); }
-keep class androidx.work.impl.background.systemjob.SystemJobService { <init>(); }
-keep class androidx.work.impl.diagnostics.DiagnosticsReceiver { <init>(); }
-keep class androidx.work.impl.foreground.SystemForegroundService { <init>(); }
-keep class androidx.work.impl.utils.ForceStopRunnable$BroadcastReceiver { <init>(); }
-keep class com.google.android.datatransport.runtime.backends.TransportBackendDiscovery { <init>(); }
-keep class com.google.android.datatransport.runtime.scheduling.jobscheduling.AlarmManagerSchedulerBroadcastReceiver { <init>(); }
-keep class com.google.android.datatransport.runtime.scheduling.jobscheduling.JobInfoSchedulerService { <init>(); }
-keep class com.google.android.gms.common.api.GoogleApiActivity { <init>(); }
-keep class com.google.firebase.components.ComponentDiscoveryService { <init>(); }
-keep class com.google.firebase.iid.FirebaseInstanceIdReceiver { <init>(); }
-keep class com.google.firebase.messaging.FirebaseMessagingService { <init>(); }
-keep class com.google.firebase.provider.FirebaseInitProvider { <init>(); }
-keep class com.winopay.MainActivity { <init>(); }
-keep class com.winopay.WinoPayApplication { <init>(); }
-keep class android.widget.Space { <init>(android.content.Context, android.util.AttributeSet); }

-keep class androidx.appcompat.app.AlertController$RecycleListView { <init>(android.content.Context, android.util.AttributeSet); }

-keep class androidx.appcompat.view.menu.ActionMenuItemView { <init>(android.content.Context, android.util.AttributeSet); }

-keep class androidx.appcompat.view.menu.ExpandedMenuView { <init>(android.content.Context, android.util.AttributeSet); }

-keep class androidx.appcompat.view.menu.ListMenuItemView { <init>(android.content.Context, android.util.AttributeSet); }

-keep class androidx.appcompat.widget.ActionBarContainer { <init>(android.content.Context, android.util.AttributeSet); }

-keep class androidx.appcompat.widget.ActionBarContextView { <init>(android.content.Context, android.util.AttributeSet); }

-keep class androidx.appcompat.widget.ActionBarOverlayLayout { <init>(android.content.Context, android.util.AttributeSet); }

-keep class androidx.appcompat.widget.ActionMenuView { <init>(android.content.Context, android.util.AttributeSet); }

-keep class androidx.appcompat.widget.ActivityChooserView$InnerLayout { <init>(android.content.Context, android.util.AttributeSet); }

-keep class androidx.appcompat.widget.AlertDialogLayout { <init>(android.content.Context, android.util.AttributeSet); }

-keep class androidx.appcompat.widget.ButtonBarLayout { <init>(android.content.Context, android.util.AttributeSet); }

-keep class androidx.appcompat.widget.ContentFrameLayout { <init>(android.content.Context, android.util.AttributeSet); }

-keep class androidx.appcompat.widget.DialogTitle { <init>(android.content.Context, android.util.AttributeSet); }

-keep class androidx.appcompat.widget.FitWindowsFrameLayout { <init>(android.content.Context, android.util.AttributeSet); }

-keep class androidx.appcompat.widget.FitWindowsLinearLayout { <init>(android.content.Context, android.util.AttributeSet); }

-keep class androidx.appcompat.widget.SearchView$SearchAutoComplete { <init>(android.content.Context, android.util.AttributeSet); }

-keep class androidx.appcompat.widget.Toolbar { <init>(android.content.Context, android.util.AttributeSet); }

-keep class androidx.appcompat.widget.ViewStubCompat { <init>(android.content.Context, android.util.AttributeSet); }

-keep class androidx.core.widget.NestedScrollView { <init>(android.content.Context, android.util.AttributeSet); }


# End of content from devnetRelease/processDevnetReleaseResources/aapt_rules.txt
# The proguard configuration file for the following section is default_proguard_files/global/proguard-android-optimize.txt-8.7.3
# This is a configuration file for ProGuard.
# http://proguard.sourceforge.net/index.html#manual/usage.html
#
# Starting with version 2.2 of the Android plugin for Gradle, this file is distributed together with
# the plugin and unpacked at build-time. The files in $ANDROID_HOME are no longer maintained and
# will be ignored by new version of the Android plugin for Gradle.

# Optimizations: If you don't want to optimize, use the proguard-android.txt configuration file
# instead of this one, which turns off the optimization flags.
-allowaccessmodification

# Preserve some attributes that may be required for reflection.
-keepattributes AnnotationDefault,
                EnclosingMethod,
                InnerClasses,
                RuntimeVisibleAnnotations,
                RuntimeVisibleParameterAnnotations,
                RuntimeVisibleTypeAnnotations,
                Signature

-keep public class com.google.vending.licensing.ILicensingService
-keep public class com.android.vending.licensing.ILicensingService
-keep public class com.google.android.vending.licensing.ILicensingService
-dontnote com.android.vending.licensing.ILicensingService
-dontnote com.google.vending.licensing.ILicensingService
-dontnote com.google.android.vending.licensing.ILicensingService

# For native methods, see https://www.guardsquare.com/manual/configuration/examples#native
-keepclasseswithmembernames,includedescriptorclasses class * {
    native <methods>;
}

# Keep setters in Views so that animations can still work.
-keepclassmembers public class * extends android.view.View {
    void set*(***);
    *** get*();
}

# We want to keep methods in Activity that could be used in the XML attribute onClick.
-keepclassmembers class * extends android.app.Activity {
    public void *(android.view.View);
}

# For enumeration classes, see https://www.guardsquare.com/manual/configuration/examples#enumerations
-keepclassmembers enum * {
    public static **[] values();
    public static ** valueOf(java.lang.String);
}

-keepclassmembers class * implements android.os.Parcelable {
    public static final ** CREATOR;
}

# Preserve annotated Javascript interface methods.
-keepclassmembers class * {
    @android.webkit.JavascriptInterface <methods>;
}

# The support libraries contains references to newer platform versions.
# Don't warn about those in case this app is linking against an older
# platform version. We know about them, and they are safe.
-dontnote android.support.**
-dontnote androidx.**
-dontwarn android.support.**
-dontwarn androidx.**

# Understand the @Keep support annotation.
-keep class android.support.annotation.Keep

-keep @android.support.annotation.Keep class * {*;}

-keepclasseswithmembers class * {
    @android.support.annotation.Keep <methods>;
}

-keepclasseswithmembers class * {
    @android.support.annotation.Keep <fields>;
}

-keepclasseswithmembers class * {
    @android.support.annotation.Keep <init>(...);
}

# These classes are duplicated between android.jar and org.apache.http.legacy.jar.
-dontnote org.apache.http.**
-dontnote android.net.http.**

# These classes are duplicated between android.jar and core-lambda-stubs.jar.
-dontnote java.lang.invoke.**

# End of content from default_proguard_files/global/proguard-android-optimize.txt-8.7.3
# The proguard configuration file for the following section is WinoPay/app/proguard-rules.pro
# ═══════════════════════════════════════════════════════════════════
# WinoPay ProGuard Rules
# ═══════════════════════════════════════════════════════════════════

# ─────────────────────────────────────────────────────────────────────
# ROOM DATABASE
# ─────────────────────────────────────────────────────────────────────
# Keep Room entities and DAOs
-keep class * extends androidx.room.RoomDatabase { *; }
-keep @androidx.room.Entity class * { *; }
-keep @androidx.room.Dao interface * { *; }

# Keep migration classes (critical for data integrity)
-keep class * extends androidx.room.migration.Migration { *; }

# ─────────────────────────────────────────────────────────────────────
# SOLANA / MOBILE WALLET ADAPTER
# ─────────────────────────────────────────────────────────────────────
-keep class org.sol4k.** { *; }
-keep class com.funkatronics.** { *; }
-keep class com.solana.mobilewalletadapter.** { *; }

# ─────────────────────────────────────────────────────────────────────
# ZXING (QR CODE)
# ─────────────────────────────────────────────────────────────────────
-keep class com.google.zxing.** { *; }

# ─────────────────────────────────────────────────────────────────────
# COIL (IMAGE LOADING)
# ─────────────────────────────────────────────────────────────────────
-keep class coil.** { *; }

# ─────────────────────────────────────────────────────────────────────
# KOTLIN COROUTINES
# ─────────────────────────────────────────────────────────────────────
-keepnames class kotlinx.coroutines.internal.MainDispatcherFactory {}
-keepnames class kotlinx.coroutines.CoroutineExceptionHandler {}
-keepclassmembers class kotlinx.coroutines.** {
    volatile <fields>;
}

# ─────────────────────────────────────────────────────────────────────
# DATASTORE
# ─────────────────────────────────────────────────────────────────────
-keep class androidx.datastore.** { *; }

# ─────────────────────────────────────────────────────────────────────
# WORKMANAGER
# ─────────────────────────────────────────────────────────────────────
-keep class * extends androidx.work.Worker { *; }
-keep class * extends androidx.work.ListenableWorker { *; }

# ─────────────────────────────────────────────────────────────────────
# JSON PARSING (org.json used in RPC calls)
# ─────────────────────────────────────────────────────────────────────
-keep class org.json.** { *; }

# ─────────────────────────────────────────────────────────────────────
# WINOPAY DATA CLASSES (for reflection/serialization safety)
# ─────────────────────────────────────────────────────────────────────
-keep class com.winopay.data.local.** { *; }
-keep class com.winopay.payments.** { *; }

# End of content from WinoPay/app/proguard-rules.pro
# The proguard configuration file for the following section is transformed/mobile-wallet-adapter-clientlib-ktx-2.0.3/proguard.txt

# End of content from transformed/mobile-wallet-adapter-clientlib-ktx-2.0.3/proguard.txt
# The proguard configuration file for the following section is transformed/work-runtime-2.9.1/proguard.txt
-keep class * extends androidx.work.Worker
-keep class * extends androidx.work.InputMerger
# Keep all constructors on ListenableWorker, Worker
-keep public class * extends androidx.work.ListenableWorker {
    public <init>(...);
}
# We need to keep WorkerParameters for the ListenableWorker constructor
-keep class androidx.work.WorkerParameters

# End of content from transformed/work-runtime-2.9.1/proguard.txt
# The proguard configuration file for the following section is transformed/sign-1.6.8/proguard.txt
-keepnames class com.reown.sign.common.model.vo.clientsync.common.PayloadParams
-if class com.reown.sign.common.model.vo.clientsync.common.PayloadParams
-keep class com.reown.sign.common.model.vo.clientsync.common.PayloadParamsJsonAdapter {
    public <init>(com.squareup.moshi.Moshi);
}
-if class com.reown.sign.common.model.vo.clientsync.common.PayloadParams
-keepnames class kotlin.jvm.internal.DefaultConstructorMarker
-keepclassmembers class com.reown.sign.common.model.vo.clientsync.common.PayloadParams {
    public synthetic <init>(java.lang.String,java.util.List,java.lang.String,java.lang.String,java.lang.String,java.lang.String,java.lang.String,java.lang.String,java.lang.String,java.lang.String,java.lang.String,java.util.List,java.util.Map,int,kotlin.jvm.internal.DefaultConstructorMarker);
}

-keepnames class com.reown.sign.common.model.vo.clientsync.common.ProposalRequests
-if class com.reown.sign.common.model.vo.clientsync.common.ProposalRequests
-keep class com.reown.sign.common.model.vo.clientsync.common.ProposalRequestsJsonAdapter {
    public <init>(com.squareup.moshi.Moshi);
}

-keepnames class com.reown.sign.common.model.vo.clientsync.common.ProposalRequestsResponses
-if class com.reown.sign.common.model.vo.clientsync.common.ProposalRequestsResponses
-keep class com.reown.sign.common.model.vo.clientsync.common.ProposalRequestsResponsesJsonAdapter {
    public <init>(com.squareup.moshi.Moshi);
}

-keepnames class com.reown.sign.common.model.vo.clientsync.common.Requester
-if class com.reown.sign.common.model.vo.clientsync.common.Requester
-keep class com.reown.sign.common.model.vo.clientsync.common.RequesterJsonAdapter {
    public <init>(com.squareup.moshi.Moshi);
}

-keepnames class com.reown.sign.common.model.vo.clientsync.common.SessionParticipant
-if class com.reown.sign.common.model.vo.clientsync.common.SessionParticipant
-keep class com.reown.sign.common.model.vo.clientsync.common.SessionParticipantJsonAdapter {
    public <init>(com.squareup.moshi.Moshi);
}

-keepnames class com.reown.sign.common.model.vo.clientsync.session.SignRpc$SessionAuthenticate
-if class com.reown.sign.common.model.vo.clientsync.session.SignRpc$SessionAuthenticate
-keep class com.reown.sign.common.model.vo.clientsync.session.SignRpc_SessionAuthenticateJsonAdapter {
    public <init>(com.squareup.moshi.Moshi);
}
-if class com.reown.sign.common.model.vo.clientsync.session.SignRpc$SessionAuthenticate
-keepnames class kotlin.jvm.internal.DefaultConstructorMarker
-keepclassmembers class com.reown.sign.common.model.vo.clientsync.session.SignRpc$SessionAuthenticate {
    public synthetic <init>(long,java.lang.String,java.lang.String,com.reown.sign.common.model.vo.clientsync.session.params.SignParams$SessionAuthenticateParams,int,kotlin.jvm.internal.DefaultConstructorMarker);
}

-keepnames class com.reown.sign.common.model.vo.clientsync.session.SignRpc$SessionDelete
-if class com.reown.sign.common.model.vo.clientsync.session.SignRpc$SessionDelete
-keep class com.reown.sign.common.model.vo.clientsync.session.SignRpc_SessionDeleteJsonAdapter {
    public <init>(com.squareup.moshi.Moshi);
}
-if class com.reown.sign.common.model.vo.clientsync.session.SignRpc$SessionDelete
-keepnames class kotlin.jvm.internal.DefaultConstructorMarker
-keepclassmembers class com.reown.sign.common.model.vo.clientsync.session.SignRpc$SessionDelete {
    public synthetic <init>(long,java.lang.String,java.lang.String,com.reown.sign.common.model.vo.clientsync.session.params.SignParams$DeleteParams,int,kotlin.jvm.internal.DefaultConstructorMarker);
}

-keepnames class com.reown.sign.common.model.vo.clientsync.session.SignRpc$SessionEvent
-if class com.reown.sign.common.model.vo.clientsync.session.SignRpc$SessionEvent
-keep class com.reown.sign.common.model.vo.clientsync.session.SignRpc_SessionEventJsonAdapter {
    public <init>(com.squareup.moshi.Moshi);
}
-if class com.reown.sign.common.model.vo.clientsync.session.SignRpc$SessionEvent
-keepnames class kotlin.jvm.internal.DefaultConstructorMarker
-keepclassmembers class com.reown.sign.common.model.vo.clientsync.session.SignRpc$SessionEvent {
    public synthetic <init>(long,java.lang.String,java.lang.String,com.reown.sign.common.model.vo.clientsync.session.params.SignParams$EventParams,int,kotlin.jvm.internal.DefaultConstructorMarker);
}

-keepnames class com.reown.sign.common.model.vo.clientsync.session.SignRpc$SessionExtend
-if class com.reown.sign.common.model.vo.clientsync.session.SignRpc$SessionExtend
-keep class com.reown.sign.common.model.vo.clientsync.session.SignRpc_SessionExtendJsonAdapter {
    public <init>(com.squareup.moshi.Moshi);
}
-if class com.reown.sign.common.model.vo.clientsync.session.SignRpc$SessionExtend
-keepnames class kotlin.jvm.internal.DefaultConstructorMarker
-keepclassmembers class com.reown.sign.common.model.vo.clientsync.session.SignRpc$SessionExtend {
    public synthetic <init>(long,java.lang.String,java.lang.String,com.reown.sign.common.model.vo.clientsync.session.params.SignParams$ExtendParams,int,kotlin.jvm.internal.DefaultConstructorMarker);
}

-keepnames class com.reown.sign.common.model.vo.clientsync.session.SignRpc$SessionPing
-if class com.reown.sign.common.model.vo.clientsync.session.SignRpc$SessionPing
-keep class com.reown.sign.common.model.vo.clientsync.session.SignRpc_SessionPingJsonAdapter {
    public <init>(com.squareup.moshi.Moshi);
}
-if class com.reown.sign.common.model.vo.clientsync.session.SignRpc$SessionPing
-keepnames class kotlin.jvm.internal.DefaultConstructorMarker
-keepclassmembers class com.reown.sign.common.model.vo.clientsync.session.SignRpc$SessionPing {
    public synthetic <init>(long,java.lang.String,java.lang.String,com.reown.sign.common.model.vo.clientsync.session.params.SignParams$PingParams,int,kotlin.jvm.internal.DefaultConstructorMarker);
}

-keepnames class com.reown.sign.common.model.vo.clientsync.session.SignRpc$SessionPropose
-if class com.reown.sign.common.model.vo.clientsync.session.SignRpc$SessionPropose
-keep class com.reown.sign.common.model.vo.clientsync.session.SignRpc_SessionProposeJsonAdapter {
    public <init>(com.squareup.moshi.Moshi);
}
-if class com.reown.sign.common.model.vo.clientsync.session.SignRpc$SessionPropose
-keepnames class kotlin.jvm.internal.DefaultConstructorMarker
-keepclassmembers class com.reown.sign.common.model.vo.clientsync.session.SignRpc$SessionPropose {
    public synthetic <init>(long,java.lang.String,java.lang.String,com.reown.sign.common.model.vo.clientsync.session.params.SignParams$SessionProposeParams,int,kotlin.jvm.internal.DefaultConstructorMarker);
}

-keepnames class com.reown.sign.common.model.vo.clientsync.session.SignRpc$SessionRequest
-if class com.reown.sign.common.model.vo.clientsync.session.SignRpc$SessionRequest
-keep class com.reown.sign.common.model.vo.clientsync.session.SignRpc_SessionRequestJsonAdapter {
    public <init>(com.squareup.moshi.Moshi);
}
-if class com.reown.sign.common.model.vo.clientsync.session.SignRpc$SessionRequest
-keepnames class kotlin.jvm.internal.DefaultConstructorMarker
-keepclassmembers class com.reown.sign.common.model.vo.clientsync.session.SignRpc$SessionRequest {
    public synthetic <init>(long,java.lang.String,java.lang.String,com.reown.sign.common.model.vo.clientsync.session.params.SignParams$SessionRequestParams,int,kotlin.jvm.internal.DefaultConstructorMarker);
}

-keepnames class com.reown.sign.common.model.vo.clientsync.session.SignRpc$SessionSettle
-if class com.reown.sign.common.model.vo.clientsync.session.SignRpc$SessionSettle
-keep class com.reown.sign.common.model.vo.clientsync.session.SignRpc_SessionSettleJsonAdapter {
    public <init>(com.squareup.moshi.Moshi);
}
-if class com.reown.sign.common.model.vo.clientsync.session.SignRpc$SessionSettle