app/build/outputs/mapping/devnetRelease/seeds.txt
com.winopay.data.local.DataStoreManager$special$$inlined$map$1
com.winopay.payments.TronPaymentRail
com.winopay.data.local.DataStoreManager$special$$inlined$map$2$2
com.winopay.data.local.InvoiceEntity$WhenMappings
com.winopay.data.local.DataStoreManager$setLanguage$2
com.winopay.data.local.DataStoreManager$getRatesSnapshot$1
com.winopay.data.local.InvoiceDao_Impl$2
com.winopay.data.local.DataStoreManager$WalletSession
com.winopay.payments.EvmPaymentRail$Companion
com.winopay.data.local.DataStoreManager
com.winopay.data.local.DataStoreManager$special$$inlined$map$5$2
com.winopay.payments.SolanaPaymentRail
com.winopay.data.local.PaymentCurrency
com.winopay.payments.DetectionResult$Invalid
com.winopay.data.local.AppDatabase$Companion$MIGRATION_6_7$1
com.winopay.payments.RefundTransactionResult$Error
com.winopay.data.local.DataStoreManager$special$$inlined$map$3
com.winopay.payments.RefundSendResult
com.winopay.payments.DetectionResult$Expired
com.winopay.payments.RefundTransactionResult
com.winopay.payments.RefundTransactionResult$NotEligible
com.winopay.payments.PaymentRail$DefaultImpls
com.winopay.payments.TronPaymentRail$listCandidates$1
com.winopay.data.local.DataStoreManager$special$$inlined$map$1$2$1
com.winopay.data.local.DataStoreManager$special$$inlined$map$5$2$1
com.winopay.payments.SolanaPaymentRail$buildRefundTransaction$1
com.winopay.data.local.DataStoreManager$special$$inlined$map$4$2$1
com.winopay.data.local.InvoiceDao
com.winopay.data.local.DataStoreManager$special$$inlined$map$7$2
com.winopay.payments.RefundSendResult$Success
com.winopay.data.local.DataStoreManager$special$$inlined$map$6$2
com.winopay.data.local.DataStoreManager$special$$inlined$map$5
com.winopay.data.local.AppDatabase$Companion$MIGRATION_4_5$1
com.winopay.payments.DetectionResult$Found
com.winopay.data.local.DataStoreManager$setThemeMode$2
com.winopay.payments.SupportedToken
com.winopay.payments.TronPaymentRail$pollTarget$1
com.winopay.data.local.DataStoreManager$special$$inlined$map$7$2$1
com.winopay.data.local.DataStoreManager$special$$inlined$map$4$2
com.winopay.data.local.InvoiceStatus
com.winopay.payments.PollingStrategy
com.winopay.data.local.DataStoreManager$setCurrency$2
com.winopay.payments.PaymentRail
com.winopay.payments.TronTokenPolicy$Companion
com.winopay.data.local.DataStoreManager$special$$inlined$map$3$2
com.winopay.data.local.DataStoreManager$clearAllData$2
com.winopay.data.local.DataStoreManager$clearWalletSession$2
com.winopay.data.local.InvoiceDao$DefaultImpls
com.winopay.payments.SolanaPaymentRail$startForegroundDetection$1
com.winopay.data.local.DataStoreManager$special$$inlined$map$2
com.winopay.payments.DetectionLogger
com.winopay.data.local.DataStoreManager$special$$inlined$map$8$2
com.winopay.payments.OnPaymentDetected
com.winopay.payments.ValidationResult$Valid
com.winopay.payments.SolanaPaymentRail$Companion
com.winopay.data.local.AppDatabase$Companion$MIGRATION_5_6$1
com.winopay.payments.ValidationResult
com.winopay.data.local.AppDatabase_Impl
com.winopay.data.local.AppDatabase
com.winopay.data.local.AppDatabase$Companion$MIGRATION_1_2$1
com.winopay.data.local.InvoiceDao_Impl$WhenMappings
com.winopay.data.local.DataStoreManager$saveBusinessIdentity$2
com.winopay.data.local.InvoiceDao_Impl$Companion
com.winopay.payments.TronPaymentRail$sendRefundTransaction$1
com.winopay.payments.CandidateListResult
com.winopay.data.local.InvoiceEntity
com.winopay.data.local.DataStoreManager$special$$inlined$map$2$2$1
com.winopay.payments.DetectionResult$Confirmed
com.winopay.data.local.DataStoreManagerKt
com.winopay.payments.PaymentRailFactory
com.winopay.data.local.DataStoreManager$special$$inlined$map$3$2$1
com.winopay.payments.TronTokenPolicy
com.winopay.payments.TransactionCandidate
com.winopay.WinoPayApplication
com.winopay.payments.SolanaTokenPolicy
com.winopay.data.worker.InvoiceDetectionWorker
com.winopay.payments.TronPaymentRail$detectPayment$1
com.winopay.payments.EvmPaymentRail
com.winopay.payments.TokenPolicyProvider
...
androidx.datastore.preferences.protobuf.MessageSchema: boolean oneofBooleanAt(java.lang.Object,long)
com.reown.android.internal.common.json_rpc.domain.relay.RelayJsonRpcInteractor$manageSubscriptions$1: java.lang.Object invoke(java.lang.Object,java.lang.Object)
androidx.datastore.preferences.protobuf.UnknownFieldSchema: boolean shouldDiscardUnknownFields(androidx.datastore.preferences.protobuf.Reader)
com.fasterxml.jackson.databind.SerializationFeature: com.fasterxml.jackson.databind.SerializationFeature valueOf(java.lang.String)
kotlinx.coroutines.JobSupport: void promoteEmptyToNodeList(kotlinx.coroutines.Empty)
com.squareup.moshi.JsonScope: JsonScope()
com.reown.foundation.common.adapters.TtlAdapter: com.reown.foundation.common.model.Ttl fromJson(com.squareup.moshi.JsonReader)
androidx.datastore.preferences.protobuf.Value: void access$1200(androidx.datastore.preferences.protobuf.Value,androidx.datastore.preferences.protobuf.Struct)
androidx.datastore.migrations.SharedPreferencesMigration$shouldMigrate$1: SharedPreferencesMigration$shouldMigrate$1(androidx.datastore.migrations.SharedPreferencesMigration,kotlin.coroutines.Continuation)
kotlin.jvm.internal.PropertyReference: kotlin.reflect.KCallable compute()
androidx.appcompat.widget.Toolbar: android.view.Menu getMenu()
androidx.datastore.preferences.protobuf.SourceContext: void access$100(androidx.datastore.preferences.protobuf.SourceContext,java.lang.String)
androidx.datastore.preferences.protobuf.CodedInputStream: int readEnum()
kotlinx.coroutines.CancelFutureOnCancel: CancelFutureOnCancel(java.util.concurrent.Future)
kotlinx.coroutines.NodeList: NodeList()
com.reown.android.internal.common.signing.cacao.CacaoType: com.reown.android.internal.common.signing.cacao.CacaoType[] values()
com.solana.mobilewalletadapter.common.signin.SignInWithSolana$Payload: java.lang.String generateNonce()
kotlinx.coroutines.channels.ChannelsKt__DeprecatedKt: kotlin.jvm.functions.Function1 consumes(kotlinx.coroutines.channels.ReceiveChannel)
androidx.datastore.preferences.protobuf.ByteString: androidx.datastore.preferences.protobuf.ByteString wrap(byte[])
com.reown.android.Core$Model$Namespace$Session: com.reown.android.Core$Model$Namespace$Session copy(java.util.List,java.util.List,java.util.List,java.util.List)
com.reown.android.Core$Model$Ping$Error: boolean equals(java.lang.Object)
com.google.zxing.qrcode.decoder.FormatInformation: boolean equals(java.lang.Object)
com.reown.android.verify.model.VerifyServerResponse_RegisterAttestationJsonAdapter: void toJson(com.squareup.moshi.JsonWriter,java.lang.Object)
kotlinx.coroutines.CancellableContinuationImpl: java.util.concurrent.atomic.AtomicReferenceFieldUpdater get_parentHandle$volatile$FU()
kotlinx.coroutines.flow.FlowKt__BuildersKt$asFlow$$inlined$unsafeFlow$4$1: java.lang.Object invokeSuspend(java.lang.Object)
androidx.datastore.preferences.protobuf.SmallSortedMap$Entry: java.lang.String toString()
com.reown.sign.common.model.vo.clientsync.session.params.SignParams_ExtendParamsJsonAdapter: SignParams_ExtendParamsJsonAdapter(com.squareup.moshi.Moshi)
androidx.datastore.core.DataStoreImpl$readDataAndUpdateCache$4: DataStoreImpl$readDataAndUpdateCache$4(androidx.datastore.core.DataStoreImpl,int,kotlin.coroutines.Continuation)
com.reown.android.Core$Params$RequestReceived: Core$Params$RequestReceived(java.lang.String)
androidx.datastore.migrations.SharedPreferencesMigration_androidKt: java.util.Set getMIGRATE_ALL_KEYS()
coil.size.Dimension$Pixels: java.lang.String toString()
androidx.datastore.preferences.protobuf.RopeByteString$1: boolean hasNext()
com.reown.android.internal.common.storage.events.EventsRepository: EventsRepository(com.reown.android.sdk.storage.data.dao.EventQueries,java.lang.String,boolean,kotlinx.coroutines.CoroutineDispatcher,int,kotlin.jvm.internal.DefaultConstructorMarker)
androidx.datastore.preferences.protobuf.ListValue: androidx.datastore.preferences.protobuf.ValueOrBuilder getValuesOrBuilder(int)